<!DOCTYPE html PUBLIC "-//W3C//DTD XHTML 1.1//EN" "https://www.w3.org/TR/xhtml11/DTD/xhtml11.dtd">
<html xmlns="https://www.w3.org/1999/xhtml">
<head>
<meta http-equiv="content-type" content="text/html; charset=UTF-8"/>
<title>TestNG Report</title>
<style type="text/css">table {margin-bottom:10px;border-collapse:collapse;empty-cells:show}th,td {border:1px solid #009;padding:.25em .5em}th {vertical-align:bottom}td {vertical-align:top}table a {font-weight:bold}.stripe td {background-color: #E6EBF9}.num {text-align:right}.passedodd td {background-color: #3F3}.passedeven td {background-color: #0A0}.skippedodd td {background-color: #DDD}.skippedeven td {background-color: #CCC}.failedodd td,.attn {background-color: #F33}.failedeven td,.stripe .attn {background-color: #D00}.stacktrace {white-space:pre;font-family:monospace}.totop {font-size:85%;text-align:center;border-bottom:2px solid #000}.invisible {display:none}</style>
</head>
<body>
<table>
<tr><th>Test</th><th># Passed</th><th># Skipped</th><th># Retried</th><th># Failed</th><th>Time (ms)</th><th>Included Groups</th><th>Excluded Groups</th></tr>
<tr><th colspan="8">Suite</th></tr>
<tr><td><a href="#t0">Test</a></td><td class="num">0</td><td class="num">0</td><td class="num">0</td><td class="num attn">4</td><td class="num">39,649</td><td></td><td></td></tr>
</table>
<table id='summary'><thead><tr><th>Class</th><th>Method</th><th>Start</th><th>Time (ms)</th></tr></thead><tbody><tr><th colspan="4">Suite</th></tr></tbody><tbody id="t0"><tr><th colspan="4">Test &#8212; failed</th></tr><tr class="failedeven"><td rowspan="1">com.atmecs.demo_blazesite.AddProduct</td><td><a href="#m0">addProduct</a></td><td rowspan="1">1601029544483</td><td rowspan="1">1129</td></tr><tr class="failedodd"><td rowspan="1">com.atmecs.demo_blazesite.ContactUs</td><td><a href="#m1">contactUs</a></td><td rowspan="1">1601029564445</td><td rowspan="1">136</td></tr><tr class="failedeven"><td rowspan="1">com.atmecs.demo_blazesite.Login</td><td><a href="#m2">logIn</a></td><td rowspan="1">1601029572362</td><td rowspan="1">82</td></tr><tr class="failedodd"><td rowspan="1">com.atmecs.demo_blazesite.SignIn</td><td><a href="#m3">signIn</a></td><td rowspan="1">1601029557393</td><td rowspan="1">94</td></tr></tbody>
</table>
<h2>Test</h2><h3 id="m0">com.atmecs.demo_blazesite.AddProduct#addProduct</h3><table class="result"><tr><th>Exception</th></tr><tr><td><div class="stacktrace">java.lang.IllegalArgumentException: Cannot find elements when the XPath is null.
	at org.openqa.selenium.By$ByXPath.&lt;init&gt;(By.java:339)
	at org.openqa.selenium.By.xpath(By.java:92)
	at com.atmecs.demo_blazesite.helper.Helpers.clickOperation(Helpers.java:29)
	at com.atmecs.demo_blazesite.pagehelper.AddProductToCartTest.selectAndAddToCartProduct(AddProductToCartTest.java:32)
	at com.atmecs.demo_blazesite.AddProduct.addProduct(AddProduct.java:15)
	at java.base/java.util.ArrayList.forEach(ArrayList.java:1510)
... Removed 27 stack frames</div></td></tr></table><p class="totop"><a href="#summary">back to summary</a></p>
<h3 id="m1">com.atmecs.demo_blazesite.ContactUs#contactUs</h3><table class="result"><tr><th>Exception</th></tr><tr><td><div class="stacktrace">java.lang.IllegalArgumentException: Keys to send should be a not null CharSequence
	at org.openqa.selenium.remote.RemoteWebElement.sendKeys(RemoteWebElement.java:97)
	at com.atmecs.demo_blazesite.helper.Helpers.textbox(Helpers.java:34)
	at com.atmecs.demo_blazesite.pagehelper.ContactUsTest.contactUsScript(ContactUsTest.java:37)
	at com.atmecs.demo_blazesite.ContactUs.contactUs(ContactUs.java:17)
	at java.base/java.util.ArrayList.forEach(ArrayList.java:1510)
... Removed 27 stack frames</div></td></tr></table><p class="totop"><a href="#summary">back to summary</a></p>
<h3 id="m2">com.atmecs.demo_blazesite.Login#logIn</h3><table class="result"><tr><th>Exception</th></tr><tr><td><div class="stacktrace">java.lang.IllegalArgumentException: Keys to send should be a not null CharSequence
	at org.openqa.selenium.remote.RemoteWebElement.sendKeys(RemoteWebElement.java:97)
	at com.atmecs.demo_blazesite.helper.Helpers.textbox(Helpers.java:34)
	at com.atmecs.demo_blazesite.pagehelper.LogInTest.logInTest(LogInTest.java:38)
	at com.atmecs.demo_blazesite.Login.logIn(Login.java:17)
	at java.base/java.util.ArrayList.forEach(ArrayList.java:1510)
... Removed 27 stack frames</div></td></tr></table><p class="totop"><a href="#summary">back to summary</a></p>
<h3 id="m3">com.atmecs.demo_blazesite.SignIn#signIn</h3><table class="result"><tr><th>Exception</th></tr><tr><td><div class="stacktrace">java.lang.IllegalArgumentException: Keys to send should be a not null CharSequence
	at org.openqa.selenium.remote.RemoteWebElement.sendKeys(RemoteWebElement.java:97)
	at com.atmecs.demo_blazesite.helper.Helpers.textbox(Helpers.java:34)
	at com.atmecs.demo_blazesite.pagehelper.SignInTest.signUpTest(SignInTest.java:37)
	at com.atmecs.demo_blazesite.SignIn.signIn(SignIn.java:17)
	at java.base/java.util.ArrayList.forEach(ArrayList.java:1510)
... Removed 27 stack frames</div></td></tr></table><p class="totop"><a href="#summary">back to summary</a></p>
</body>
</html>
