<?xml version="1.0" encoding="UTF-8"?>
<!-- Generated by org.testng.reporters.JUnitXMLReporter -->
<testsuite ignored="0" hostname="ATMECSINLT-601" failures="4" tests="4" name="Test" time="16.205" errors="0" timestamp="2020-09-28T16:24:20 IST">
  <testcase classname="com.atmecs.demo_blazesite.AddProduct" name="addProduct" time="1.04">
    <failure type="java.lang.IllegalArgumentException" message="Cannot find elements when the XPath is null.">
      <![CDATA[java.lang.IllegalArgumentException: Cannot find elements when the XPath is null.
at org.openqa.selenium.By$ByXPath.<init>(By.java:339)
at org.openqa.selenium.By.xpath(By.java:92)
at com.atmecs.demo_blazesite.helper.Helpers.clickOperation(Helpers.java:29)
at com.atmecs.demo_blazesite.pagehelper.AddProductToCartTest.selectAndAddToCartProduct(AddProductToCartTest.java:32)
at com.atmecs.demo_blazesite.AddProduct.addProduct(AddProduct.java:15)
at java.base/java.util.ArrayList.forEach(ArrayList.java:1510)
... Removed 27 stack frames]]>
    </failure>
  </testcase> <!-- addProduct -->
  <testcase classname="com.atmecs.demo_blazesite.SignIn" name="signIn" time="0.0">
    <failure type="org.testng.TestNGException" message="
Cannot inject @Test annotated Method [signIn] with [class java.lang.String, class java.lang.String].
For more information on native dependency injection please refer to https://testng.org/doc/documentation-main.html#native-dependency-injection">
      <![CDATA[org.testng.TestNGException: 
Cannot inject @Test annotated Method [signIn] with [class java.lang.String, class java.lang.String].
For more information on native dependency injection please refer to https://testng.org/doc/documentation-main.html#native-dependency-injection
at java.base/java.util.ArrayList.forEach(ArrayList.java:1510)
... Removed 26 stack frames]]>
    </failure>
  </testcase> <!-- signIn -->
  <testcase classname="com.atmecs.demo_blazesite.ContactUs" name="contactUs" time="0.0">
    <failure type="org.testng.TestNGException" message="
Cannot inject @Test annotated Method [contactUs] with [class java.lang.String, class java.lang.String, class java.lang.String].
For more information on native dependency injection please refer to https://testng.org/doc/documentation-main.html#native-dependency-injection">
      <![CDATA[org.testng.TestNGException: 
Cannot inject @Test annotated Method [contactUs] with [class java.lang.String, class java.lang.String, class java.lang.String].
For more information on native dependency injection please refer to https://testng.org/doc/documentation-main.html#native-dependency-injection
at java.base/java.util.ArrayList.forEach(ArrayList.java:1510)
... Removed 26 stack frames]]>
    </failure>
  </testcase> <!-- contactUs -->
  <testcase classname="com.atmecs.demo_blazesite.Login" name="logIn" time="0.0">
    <failure type="org.testng.TestNGException" message="
Cannot inject @Test annotated Method [logIn] with [class java.lang.String, class java.lang.String].
For more information on native dependency injection please refer to https://testng.org/doc/documentation-main.html#native-dependency-injection">
      <![CDATA[org.testng.TestNGException: 
Cannot inject @Test annotated Method [logIn] with [class java.lang.String, class java.lang.String].
For more information on native dependency injection please refer to https://testng.org/doc/documentation-main.html#native-dependency-injection
at java.base/java.util.ArrayList.forEach(ArrayList.java:1510)
... Removed 26 stack frames]]>
    </failure>
  </testcase> <!-- logIn -->
</testsuite> <!-- Test -->
